<?xml version="1.0" encoding="UTF-8"?>
<coverage generated="1673261532043" clover="3.2.0">
  <project timestamp="1673261532043" name="All files">
    <metrics statements="52" coveredstatements="37" conditionals="11" coveredconditionals="10" methods="24" coveredmethods="15" elements="87" coveredelements="62" complexity="0" loc="52" ncloc="52" packages="2" files="10" classes="10"/>
    <package name="src">
      <metrics statements="12" coveredstatements="1" conditionals="0" coveredconditionals="0" methods="7" coveredmethods="0"/>
      <file name="App.js" path="/Users/jaseem/Documents/react-training/abc/Ecommerce/src/App.js">
        <metrics statements="1" coveredstatements="0" conditionals="0" coveredconditionals="0" methods="1" coveredmethods="0"/>
        <line num="9" count="0" type="stmt"/>
      </file>
      <file name="UserContext.js" path="/Users/jaseem/Documents/react-training/abc/Ecommerce/src/UserContext.js">
        <metrics statements="1" coveredstatements="1" conditionals="0" coveredconditionals="0" methods="2" coveredmethods="0"/>
        <line num="3" count="2" type="stmt"/>
      </file>
      <file name="UserContextProvider.js" path="/Users/jaseem/Documents/react-training/abc/Ecommerce/src/UserContextProvider.js">
        <metrics statements="9" coveredstatements="0" conditionals="0" coveredconditionals="0" methods="4" coveredmethods="0"/>
        <line num="5" count="0" type="stmt"/>
        <line num="7" count="0" type="stmt"/>
        <line num="8" count="0" type="stmt"/>
        <line num="9" count="0" type="stmt"/>
        <line num="12" count="0" type="stmt"/>
        <line num="13" count="0" type="stmt"/>
        <line num="14" count="0" type="stmt"/>
        <line num="16" count="0" type="stmt"/>
        <line num="19" count="0" type="stmt"/>
      </file>
      <file name="index.js" path="/Users/jaseem/Documents/react-training/abc/Ecommerce/src/index.js">
        <metrics statements="1" coveredstatements="0" conditionals="0" coveredconditionals="0" methods="0" coveredmethods="0"/>
        <line num="8" count="0" type="stmt"/>
      </file>
    </package>
    <package name="src.Component">
      <metrics statements="40" coveredstatements="36" conditionals="11" coveredconditionals="10" methods="17" coveredmethods="15"/>
      <file name="Cart.js" path="/Users/jaseem/Documents/react-training/abc/Ecommerce/src/Component/Cart.js">
        <metrics statements="5" coveredstatements="5" conditionals="0" coveredconditionals="0" methods="3" coveredmethods="3"/>
        <line num="15" count="1" type="stmt"/>
        <line num="18" count="1" type="stmt"/>
        <line num="19" count="1" type="stmt"/>
        <line num="33" count="1" type="stmt"/>
        <line num="41" count="1" type="stmt"/>
      </file>
      <file name="Header.js" path="/Users/jaseem/Documents/react-training/abc/Ecommerce/src/Component/Header.js">
        <metrics statements="2" coveredstatements="0" conditionals="0" coveredconditionals="0" methods="1" coveredmethods="0"/>
        <line num="6" count="0" type="stmt"/>
        <line num="7" count="0" type="stmt"/>
      </file>
      <file name="ProductDetails.js" path="/Users/jaseem/Documents/react-training/abc/Ecommerce/src/Component/ProductDetails.js">
        <metrics statements="2" coveredstatements="2" conditionals="0" coveredconditionals="0" methods="1" coveredmethods="1"/>
        <line num="4" count="2" type="stmt"/>
        <line num="5" count="2" type="stmt"/>
      </file>
      <file name="ProductsList.js" path="/Users/jaseem/Documents/react-training/abc/Ecommerce/src/Component/ProductsList.js">
        <metrics statements="20" coveredstatements="19" conditionals="9" coveredconditionals="9" methods="8" coveredmethods="7"/>
        <line num="5" count="2" type="stmt"/>
        <line num="17" count="1" type="stmt"/>
        <line num="18" count="5" type="stmt"/>
        <line num="19" count="5" type="stmt"/>
        <line num="20" count="5" type="stmt"/>
        <line num="22" count="5" type="stmt"/>
        <line num="24" count="5" type="stmt"/>
        <line num="26" count="5" type="stmt"/>
        <line num="27" count="2" type="stmt"/>
        <line num="28" count="2" type="stmt"/>
        <line num="29" count="2" type="stmt"/>
        <line num="30" count="2" type="stmt"/>
        <line num="32" count="2" type="stmt"/>
        <line num="35" count="5" type="stmt"/>
        <line num="36" count="1" type="stmt"/>
        <line num="37" count="1" type="stmt"/>
        <line num="40" count="5" type="stmt"/>
        <line num="45" count="3" type="stmt"/>
        <line num="63" count="1" type="stmt"/>
        <line num="73" count="0" type="stmt"/>
      </file>
      <file name="combineitems.js" path="/Users/jaseem/Documents/react-training/abc/Ecommerce/src/Component/combineitems.js">
        <metrics statements="7" coveredstatements="6" conditionals="2" coveredconditionals="1" methods="2" coveredmethods="2"/>
        <line num="4" count="1" type="stmt"/>
        <line num="6" count="1" type="stmt"/>
        <line num="7" count="1" type="cond" truecount="1" falsecount="1"/>
        <line num="8" count="0" type="stmt"/>
        <line num="10" count="1" type="stmt"/>
        <line num="13" count="1" type="stmt"/>
        <line num="16" count="1" type="stmt"/>
      </file>
      <file name="combineitemstotal.js" path="/Users/jaseem/Documents/react-training/abc/Ecommerce/src/Component/combineitemstotal.js">
        <metrics statements="4" coveredstatements="4" conditionals="0" coveredconditionals="0" methods="2" coveredmethods="2"/>
        <line num="2" count="1" type="stmt"/>
        <line num="3" count="1" type="stmt"/>
        <line num="4" count="1" type="stmt"/>
        <line num="6" count="1" type="stmt"/>
      </file>
    </package>
  </project>
</coverage>
