{"/Users/sakshi.singh/react-practice/ecommerce/src/App.js": {"path":"/Users/sakshi.singh/react-practice/ecommerce/src/App.js","statementMap":{"0":{"start":{"line":8,"column":28},"end":{"line":8,"column":40}},"1":{"start":{"line":10,"column":22},"end":{"line":13,"column":3}},"2":{"start":{"line":11,"column":4},"end":{"line":11,"column":31}},"3":{"start":{"line":12,"column":4},"end":{"line":12,"column":23}},"4":{"start":{"line":15,"column":31},"end":{"line":22,"column":3}},"5":{"start":{"line":16,"column":24},"end":{"line":18,"column":6}},"6":{"start":{"line":17,"column":6},"end":{"line":17,"column":30}},"7":{"start":{"line":20,"column":4},"end":{"line":20,"column":29}},"8":{"start":{"line":21,"column":4},"end":{"line":21,"column":26}},"9":{"start":{"line":24,"column":2},"end":{"line":42,"column":4}}},"fnMap":{"0":{"name":"App","decl":{"start":{"line":7,"column":9},"end":{"line":7,"column":12}},"loc":{"start":{"line":7,"column":15},"end":{"line":43,"column":1}},"line":7},"1":{"name":"(anonymous_1)","decl":{"start":{"line":10,"column":22},"end":{"line":10,"column":23}},"loc":{"start":{"line":10,"column":32},"end":{"line":13,"column":3}},"line":10},"2":{"name":"(anonymous_2)","decl":{"start":{"line":15,"column":31},"end":{"line":15,"column":32}},"loc":{"start":{"line":15,"column":41},"end":{"line":22,"column":3}},"line":15},"3":{"name":"(anonymous_3)","decl":{"start":{"line":16,"column":37},"end":{"line":16,"column":38}},"loc":{"start":{"line":16,"column":44},"end":{"line":18,"column":5}},"line":16}},"branchMap":{},"s":{"0":0,"1":0,"2":0,"3":0,"4":0,"5":0,"6":0,"7":0,"8":0,"9":0},"f":{"0":0,"1":0,"2":0,"3":0},"b":{}}
,"/Users/sakshi.singh/react-practice/ecommerce/src/index.js": {"path":"/Users/sakshi.singh/react-practice/ecommerce/src/index.js","statementMap":{"0":{"start":{"line":7,"column":0},"end":{"line":12,"column":2}},"1":{"start":{"line":16,"column":0},"end":{"line":16,"column":18}}},"fnMap":{},"branchMap":{},"s":{"0":0,"1":0},"f":{},"b":{}}
,"/Users/sakshi.singh/react-practice/ecommerce/src/reportWebVitals.js": {"path":"/Users/sakshi.singh/react-practice/ecommerce/src/reportWebVitals.js","statementMap":{"0":{"start":{"line":1,"column":24},"end":{"line":11,"column":1}},"1":{"start":{"line":2,"column":2},"end":{"line":10,"column":3}},"2":{"start":{"line":3,"column":4},"end":{"line":9,"column":7}},"3":{"start":{"line":4,"column":6},"end":{"line":4,"column":26}},"4":{"start":{"line":5,"column":6},"end":{"line":5,"column":26}},"5":{"start":{"line":6,"column":6},"end":{"line":6,"column":26}},"6":{"start":{"line":7,"column":6},"end":{"line":7,"column":26}},"7":{"start":{"line":8,"column":6},"end":{"line":8,"column":27}}},"fnMap":{"0":{"name":"(anonymous_0)","decl":{"start":{"line":1,"column":24},"end":{"line":1,"column":25}},"loc":{"start":{"line":1,"column":41},"end":{"line":11,"column":1}},"line":1},"1":{"name":"(anonymous_1)","decl":{"start":{"line":3,"column":30},"end":{"line":3,"column":31}},"loc":{"start":{"line":3,"column":79},"end":{"line":9,"column":5}},"line":3}},"branchMap":{"0":{"loc":{"start":{"line":2,"column":2},"end":{"line":10,"column":3}},"type":"if","locations":[{"start":{"line":2,"column":2},"end":{"line":10,"column":3}},{"start":{},"end":{}}],"line":2},"1":{"loc":{"start":{"line":2,"column":6},"end":{"line":2,"column":52}},"type":"binary-expr","locations":[{"start":{"line":2,"column":6},"end":{"line":2,"column":17}},{"start":{"line":2,"column":21},"end":{"line":2,"column":52}}],"line":2}},"s":{"0":0,"1":0,"2":0,"3":0,"4":0,"5":0,"6":0,"7":0},"f":{"0":0,"1":0},"b":{"0":[0,0],"1":[0,0]}}
,"/Users/sakshi.singh/react-practice/ecommerce/src/Component/Cart.js": {"path":"/Users/sakshi.singh/react-practice/ecommerce/src/Component/Cart.js","statementMap":{"0":{"start":{"line":14,"column":24},"end":{"line":14,"column":43}},"1":{"start":{"line":15,"column":2},"end":{"line":44,"column":4}},"2":{"start":{"line":29,"column":12},"end":{"line":39,"column":23}},"3":{"start":{"line":35,"column":39},"end":{"line":35,"column":65}}},"fnMap":{"0":{"name":"Cart","decl":{"start":{"line":13,"column":9},"end":{"line":13,"column":13}},"loc":{"start":{"line":13,"column":47},"end":{"line":45,"column":1}},"line":13},"1":{"name":"(anonymous_1)","decl":{"start":{"line":28,"column":29},"end":{"line":28,"column":30}},"loc":{"start":{"line":29,"column":12},"end":{"line":39,"column":23}},"line":29},"2":{"name":"(anonymous_2)","decl":{"start":{"line":35,"column":33},"end":{"line":35,"column":34}},"loc":{"start":{"line":35,"column":39},"end":{"line":35,"column":65}},"line":35}},"branchMap":{},"s":{"0":2,"1":2,"2":2,"3":1},"f":{"0":2,"1":2,"2":1},"b":{},"_coverageSchema":"1a1c01bbd47fc00a2c39e90264f33305004495a9","hash":"098c71bdceddc6fd2949a282f9986626507da809"}
,"/Users/sakshi.singh/react-practice/ecommerce/src/Component/Header.js": {"path":"/Users/sakshi.singh/react-practice/ecommerce/src/Component/Header.js","statementMap":{"0":{"start":{"line":6,"column":15},"end":{"line":20,"column":1}},"1":{"start":{"line":7,"column":2},"end":{"line":19,"column":4}}},"fnMap":{"0":{"name":"(anonymous_0)","decl":{"start":{"line":6,"column":15},"end":{"line":6,"column":16}},"loc":{"start":{"line":6,"column":21},"end":{"line":20,"column":1}},"line":6}},"branchMap":{},"s":{"0":0,"1":0},"f":{"0":0},"b":{}}
,"/Users/sakshi.singh/react-practice/ecommerce/src/Component/PrdouctsList.js": {"path":"/Users/sakshi.singh/react-practice/ecommerce/src/Component/PrdouctsList.js","statementMap":{"0":{"start":{"line":4,"column":18},"end":{"line":14,"column":3}},"1":{"start":{"line":4,"column":41},"end":{"line":14,"column":1}},"2":{"start":{"line":16,"column":21},"end":{"line":75,"column":1}},"3":{"start":{"line":17,"column":18},"end":{"line":17,"column":29}},"4":{"start":{"line":19,"column":34},"end":{"line":19,"column":46}},"5":{"start":{"line":20,"column":32},"end":{"line":20,"column":47}},"6":{"start":{"line":22,"column":52},"end":{"line":22,"column":66}},"7":{"start":{"line":23,"column":2},"end":{"line":31,"column":9}},"8":{"start":{"line":24,"column":26},"end":{"line":28,"column":5}},"9":{"start":{"line":25,"column":18},"end":{"line":25,"column":63}},"10":{"start":{"line":26,"column":19},"end":{"line":26,"column":35}},"11":{"start":{"line":27,"column":6},"end":{"line":27,"column":33}},"12":{"start":{"line":30,"column":4},"end":{"line":30,"column":20}},"13":{"start":{"line":33,"column":28},"end":{"line":36,"column":3}},"14":{"start":{"line":34,"column":4},"end":{"line":34,"column":36}},"15":{"start":{"line":35,"column":4},"end":{"line":35,"column":25}},"16":{"start":{"line":38,"column":2},"end":{"line":74,"column":4}},"17":{"start":{"line":42,"column":10},"end":{"line":70,"column":17}},"18":{"start":{"line":56,"column":39},"end":{"line":56,"column":68}},"19":{"start":{"line":65,"column":31},"end":{"line":65,"column":51}}},"fnMap":{"0":{"name":"(anonymous_0)","decl":{"start":{"line":4,"column":29},"end":{"line":4,"column":30}},"loc":{"start":{"line":4,"column":41},"end":{"line":14,"column":1}},"line":4},"1":{"name":"(anonymous_1)","decl":{"start":{"line":16,"column":21},"end":{"line":16,"column":22}},"loc":{"start":{"line":16,"column":42},"end":{"line":75,"column":1}},"line":16},"2":{"name":"(anonymous_2)","decl":{"start":{"line":23,"column":12},"end":{"line":23,"column":13}},"loc":{"start":{"line":23,"column":18},"end":{"line":31,"column":3}},"line":23},"3":{"name":"(anonymous_3)","decl":{"start":{"line":24,"column":26},"end":{"line":24,"column":27}},"loc":{"start":{"line":24,"column":38},"end":{"line":28,"column":5}},"line":24},"4":{"name":"(anonymous_4)","decl":{"start":{"line":33,"column":28},"end":{"line":33,"column":29}},"loc":{"start":{"line":33,"column":43},"end":{"line":36,"column":3}},"line":33},"5":{"name":"(anonymous_5)","decl":{"start":{"line":41,"column":22},"end":{"line":41,"column":23}},"loc":{"start":{"line":42,"column":10},"end":{"line":70,"column":17}},"line":42},"6":{"name":"(anonymous_6)","decl":{"start":{"line":56,"column":33},"end":{"line":56,"column":34}},"loc":{"start":{"line":56,"column":39},"end":{"line":56,"column":68}},"line":56},"7":{"name":"(anonymous_7)","decl":{"start":{"line":65,"column":25},"end":{"line":65,"column":26}},"loc":{"start":{"line":65,"column":31},"end":{"line":65,"column":51}},"line":65}},"branchMap":{"0":{"loc":{"start":{"line":52,"column":15},"end":{"line":54,"column":15}},"type":"binary-expr","locations":[{"start":{"line":52,"column":15},"end":{"line":52,"column":47}},{"start":{"line":52,"column":51},"end":{"line":52,"column":58}},{"start":{"line":53,"column":16},"end":{"line":53,"column":52}}],"line":52},"1":{"loc":{"start":{"line":57,"column":19},"end":{"line":59,"column":36}},"type":"cond-expr","locations":[{"start":{"line":58,"column":22},"end":{"line":58,"column":37}},{"start":{"line":59,"column":22},"end":{"line":59,"column":36}}],"line":57},"2":{"loc":{"start":{"line":57,"column":19},"end":{"line":57,"column":62}},"type":"binary-expr","locations":[{"start":{"line":57,"column":19},"end":{"line":57,"column":51}},{"start":{"line":57,"column":55},"end":{"line":57,"column":62}}],"line":57}},"s":{"0":1,"1":3,"2":1,"3":5,"4":5,"5":5,"6":5,"7":5,"8":3,"9":3,"10":3,"11":3,"12":3,"13":5,"14":0,"15":0,"16":5,"17":60,"18":0,"19":30},"f":{"0":3,"1":5,"2":3,"3":3,"4":0,"5":60,"6":0,"7":30},"b":{"0":[60,0,0],"1":[0,60],"2":[60,0]},"_coverageSchema":"1a1c01bbd47fc00a2c39e90264f33305004495a9","hash":"34811d8795e6049312a783bdcb9535ead688b431"}
,"/Users/sakshi.singh/react-practice/ecommerce/src/Component/ProductDetails.js": {"path":"/Users/sakshi.singh/react-practice/ecommerce/src/Component/ProductDetails.js","statementMap":{"0":{"start":{"line":4,"column":23},"end":{"line":16,"column":1}},"1":{"start":{"line":5,"column":2},"end":{"line":15,"column":4}}},"fnMap":{"0":{"name":"(anonymous_0)","decl":{"start":{"line":4,"column":23},"end":{"line":4,"column":24}},"loc":{"start":{"line":4,"column":40},"end":{"line":16,"column":1}},"line":4}},"branchMap":{},"s":{"0":2,"1":1},"f":{"0":1},"b":{},"_coverageSchema":"1a1c01bbd47fc00a2c39e90264f33305004495a9","hash":"bc863a87ebfd6764033fd85ef17387cb267f31f1"}
,"/Users/sakshi.singh/react-practice/ecommerce/src/Component/combineitems.js": {"path":"/Users/sakshi.singh/react-practice/ecommerce/src/Component/combineitems.js","statementMap":{"0":{"start":{"line":4,"column":22},"end":{"line":4,"column":24}},"1":{"start":{"line":6,"column":2},"end":{"line":12,"column":5}},"2":{"start":{"line":7,"column":4},"end":{"line":11,"column":5}},"3":{"start":{"line":8,"column":6},"end":{"line":8,"column":41}},"4":{"start":{"line":10,"column":6},"end":{"line":10,"column":54}},"5":{"start":{"line":13,"column":21},"end":{"line":15,"column":3}},"6":{"start":{"line":16,"column":2},"end":{"line":16,"column":35}}},"fnMap":{"0":{"name":"combineitems","decl":{"start":{"line":3,"column":16},"end":{"line":3,"column":28}},"loc":{"start":{"line":3,"column":36},"end":{"line":17,"column":1}},"line":3},"1":{"name":"(anonymous_1)","decl":{"start":{"line":6,"column":16},"end":{"line":6,"column":17}},"loc":{"start":{"line":6,"column":26},"end":{"line":12,"column":3}},"line":6}},"branchMap":{"0":{"loc":{"start":{"line":7,"column":4},"end":{"line":11,"column":5}},"type":"if","locations":[{"start":{"line":7,"column":4},"end":{"line":11,"column":5}},{"start":{"line":9,"column":11},"end":{"line":11,"column":5}}],"line":7}},"s":{"0":2,"1":2,"2":2,"3":0,"4":2,"5":2,"6":2},"f":{"0":2,"1":2},"b":{"0":[0,2]},"_coverageSchema":"1a1c01bbd47fc00a2c39e90264f33305004495a9","hash":"a9dd7474e72682ebb867d531061983f48ecd678b"}
,"/Users/sakshi.singh/react-practice/ecommerce/src/Component/combineitemstotal.js": {"path":"/Users/sakshi.singh/react-practice/ecommerce/src/Component/combineitemstotal.js","statementMap":{"0":{"start":{"line":2,"column":20},"end":{"line":2,"column":22}},"1":{"start":{"line":3,"column":2},"end":{"line":5,"column":5}},"2":{"start":{"line":4,"column":4},"end":{"line":4,"column":72}},"3":{"start":{"line":6,"column":2},"end":{"line":6,"column":34}}},"fnMap":{"0":{"name":"combineitemstotal","decl":{"start":{"line":1,"column":16},"end":{"line":1,"column":33}},"loc":{"start":{"line":1,"column":41},"end":{"line":7,"column":1}},"line":1},"1":{"name":"(anonymous_1)","decl":{"start":{"line":3,"column":16},"end":{"line":3,"column":17}},"loc":{"start":{"line":3,"column":26},"end":{"line":5,"column":3}},"line":3}},"branchMap":{},"s":{"0":2,"1":2,"2":2,"3":2},"f":{"0":2,"1":2},"b":{},"_coverageSchema":"1a1c01bbd47fc00a2c39e90264f33305004495a9","hash":"75a904fc0a5572ecf47136cca94197aa3aa15589"}
}
