{"/Users/sakshi.singh/react-practice/ecommerce/src/App.js": {"path":"/Users/sakshi.singh/react-practice/ecommerce/src/App.js","statementMap":{"0":{"start":{"line":9,"column":28},"end":{"line":9,"column":40}},"1":{"start":{"line":10,"column":34},"end":{"line":10,"column":46}},"2":{"start":{"line":12,"column":22},"end":{"line":15,"column":3}},"3":{"start":{"line":13,"column":4},"end":{"line":13,"column":31}},"4":{"start":{"line":14,"column":4},"end":{"line":14,"column":23}},"5":{"start":{"line":17,"column":24},"end":{"line":22,"column":3}},"6":{"start":{"line":18,"column":16},"end":{"line":18,"column":61}},"7":{"start":{"line":19,"column":17},"end":{"line":19,"column":33}},"8":{"start":{"line":20,"column":4},"end":{"line":20,"column":31}},"9":{"start":{"line":21,"column":4},"end":{"line":21,"column":23}},"10":{"start":{"line":24,"column":31},"end":{"line":29,"column":3}},"11":{"start":{"line":25,"column":24},"end":{"line":27,"column":6}},"12":{"start":{"line":26,"column":6},"end":{"line":26,"column":30}},"13":{"start":{"line":28,"column":4},"end":{"line":28,"column":26}},"14":{"start":{"line":31,"column":2},"end":{"line":49,"column":4}}},"fnMap":{"0":{"name":"App","decl":{"start":{"line":8,"column":9},"end":{"line":8,"column":12}},"loc":{"start":{"line":8,"column":15},"end":{"line":50,"column":1}},"line":8},"1":{"name":"(anonymous_1)","decl":{"start":{"line":12,"column":22},"end":{"line":12,"column":23}},"loc":{"start":{"line":12,"column":32},"end":{"line":15,"column":3}},"line":12},"2":{"name":"(anonymous_2)","decl":{"start":{"line":17,"column":24},"end":{"line":17,"column":25}},"loc":{"start":{"line":17,"column":36},"end":{"line":22,"column":3}},"line":17},"3":{"name":"(anonymous_3)","decl":{"start":{"line":24,"column":31},"end":{"line":24,"column":32}},"loc":{"start":{"line":24,"column":41},"end":{"line":29,"column":3}},"line":24},"4":{"name":"(anonymous_4)","decl":{"start":{"line":25,"column":37},"end":{"line":25,"column":38}},"loc":{"start":{"line":25,"column":44},"end":{"line":27,"column":5}},"line":25}},"branchMap":{},"s":{"0":4,"1":4,"2":4,"3":1,"4":1,"5":4,"6":4,"7":1,"8":1,"9":1,"10":4,"11":0,"12":0,"13":0,"14":4},"f":{"0":4,"1":1,"2":4,"3":0,"4":0},"b":{},"_coverageSchema":"1a1c01bbd47fc00a2c39e90264f33305004495a9","hash":"e71c4b5923fd49cc551d39832a115e6b8989323a"}
,"/Users/sakshi.singh/react-practice/ecommerce/src/index.js": {"path":"/Users/sakshi.singh/react-practice/ecommerce/src/index.js","statementMap":{"0":{"start":{"line":7,"column":0},"end":{"line":12,"column":2}},"1":{"start":{"line":16,"column":0},"end":{"line":16,"column":18}}},"fnMap":{},"branchMap":{},"s":{"0":0,"1":0},"f":{},"b":{}}
,"/Users/sakshi.singh/react-practice/ecommerce/src/jest.config.js": {"path":"/Users/sakshi.singh/react-practice/ecommerce/src/jest.config.js","statementMap":{"0":{"start":{"line":1,"column":0},"end":{"line":4,"column":2}}},"fnMap":{},"branchMap":{},"s":{"0":0},"f":{},"b":{}}
,"/Users/sakshi.singh/react-practice/ecommerce/src/reportWebVitals.js": {"path":"/Users/sakshi.singh/react-practice/ecommerce/src/reportWebVitals.js","statementMap":{"0":{"start":{"line":1,"column":24},"end":{"line":11,"column":1}},"1":{"start":{"line":2,"column":2},"end":{"line":10,"column":3}},"2":{"start":{"line":3,"column":4},"end":{"line":9,"column":7}},"3":{"start":{"line":4,"column":6},"end":{"line":4,"column":26}},"4":{"start":{"line":5,"column":6},"end":{"line":5,"column":26}},"5":{"start":{"line":6,"column":6},"end":{"line":6,"column":26}},"6":{"start":{"line":7,"column":6},"end":{"line":7,"column":26}},"7":{"start":{"line":8,"column":6},"end":{"line":8,"column":27}}},"fnMap":{"0":{"name":"(anonymous_0)","decl":{"start":{"line":1,"column":24},"end":{"line":1,"column":25}},"loc":{"start":{"line":1,"column":41},"end":{"line":11,"column":1}},"line":1},"1":{"name":"(anonymous_1)","decl":{"start":{"line":3,"column":30},"end":{"line":3,"column":31}},"loc":{"start":{"line":3,"column":79},"end":{"line":9,"column":5}},"line":3}},"branchMap":{"0":{"loc":{"start":{"line":2,"column":2},"end":{"line":10,"column":3}},"type":"if","locations":[{"start":{"line":2,"column":2},"end":{"line":10,"column":3}},{"start":{},"end":{}}],"line":2},"1":{"loc":{"start":{"line":2,"column":6},"end":{"line":2,"column":52}},"type":"binary-expr","locations":[{"start":{"line":2,"column":6},"end":{"line":2,"column":17}},{"start":{"line":2,"column":21},"end":{"line":2,"column":52}}],"line":2}},"s":{"0":0,"1":0,"2":0,"3":0,"4":0,"5":0,"6":0,"7":0},"f":{"0":0,"1":0},"b":{"0":[0,0],"1":[0,0]}}
,"/Users/sakshi.singh/react-practice/ecommerce/src/Component/Cart.js": {"path":"/Users/sakshi.singh/react-practice/ecommerce/src/Component/Cart.js","statementMap":{"0":{"start":{"line":14,"column":24},"end":{"line":14,"column":43}},"1":{"start":{"line":15,"column":2},"end":{"line":48,"column":4}},"2":{"start":{"line":30,"column":12},"end":{"line":43,"column":23}},"3":{"start":{"line":38,"column":33},"end":{"line":38,"column":59}}},"fnMap":{"0":{"name":"Cart","decl":{"start":{"line":13,"column":9},"end":{"line":13,"column":13}},"loc":{"start":{"line":13,"column":47},"end":{"line":49,"column":1}},"line":13},"1":{"name":"(anonymous_1)","decl":{"start":{"line":29,"column":29},"end":{"line":29,"column":30}},"loc":{"start":{"line":30,"column":12},"end":{"line":43,"column":23}},"line":30},"2":{"name":"(anonymous_2)","decl":{"start":{"line":38,"column":27},"end":{"line":38,"column":28}},"loc":{"start":{"line":38,"column":33},"end":{"line":38,"column":59}},"line":38}},"branchMap":{},"s":{"0":2,"1":2,"2":2,"3":1},"f":{"0":2,"1":2,"2":1},"b":{},"_coverageSchema":"1a1c01bbd47fc00a2c39e90264f33305004495a9","hash":"825ae0a0e147f0f1a919c04721d1e5500a441d63"}
,"/Users/sakshi.singh/react-practice/ecommerce/src/Component/Header.js": {"path":"/Users/sakshi.singh/react-practice/ecommerce/src/Component/Header.js","statementMap":{"0":{"start":{"line":6,"column":15},"end":{"line":20,"column":1}},"1":{"start":{"line":7,"column":2},"end":{"line":19,"column":4}}},"fnMap":{"0":{"name":"(anonymous_0)","decl":{"start":{"line":6,"column":15},"end":{"line":6,"column":16}},"loc":{"start":{"line":6,"column":21},"end":{"line":20,"column":1}},"line":6}},"branchMap":{},"s":{"0":1,"1":4},"f":{"0":4},"b":{},"_coverageSchema":"1a1c01bbd47fc00a2c39e90264f33305004495a9","hash":"955d9cf8cb588552857f195dbd1e0acb02ed37c8"}
,"/Users/sakshi.singh/react-practice/ecommerce/src/Component/PrdouctsList.js": {"path":"/Users/sakshi.singh/react-practice/ecommerce/src/Component/PrdouctsList.js","statementMap":{"0":{"start":{"line":4,"column":18},"end":{"line":14,"column":3}},"1":{"start":{"line":4,"column":41},"end":{"line":14,"column":1}},"2":{"start":{"line":16,"column":28},"end":{"line":77,"column":1}},"3":{"start":{"line":17,"column":18},"end":{"line":17,"column":29}},"4":{"start":{"line":19,"column":32},"end":{"line":19,"column":47}},"5":{"start":{"line":21,"column":52},"end":{"line":21,"column":66}},"6":{"start":{"line":23,"column":2},"end":{"line":25,"column":22}},"7":{"start":{"line":24,"column":4},"end":{"line":24,"column":20}},"8":{"start":{"line":27,"column":28},"end":{"line":30,"column":3}},"9":{"start":{"line":28,"column":4},"end":{"line":28,"column":36}},"10":{"start":{"line":29,"column":4},"end":{"line":29,"column":25}},"11":{"start":{"line":32,"column":2},"end":{"line":32,"column":31}},"12":{"start":{"line":34,"column":2},"end":{"line":76,"column":4}},"13":{"start":{"line":39,"column":12},"end":{"line":72,"column":19}},"14":{"start":{"line":57,"column":35},"end":{"line":57,"column":64}},"15":{"start":{"line":67,"column":33},"end":{"line":67,"column":53}}},"fnMap":{"0":{"name":"(anonymous_0)","decl":{"start":{"line":4,"column":29},"end":{"line":4,"column":30}},"loc":{"start":{"line":4,"column":41},"end":{"line":14,"column":1}},"line":4},"1":{"name":"(anonymous_1)","decl":{"start":{"line":16,"column":28},"end":{"line":16,"column":29}},"loc":{"start":{"line":16,"column":74},"end":{"line":77,"column":1}},"line":16},"2":{"name":"(anonymous_2)","decl":{"start":{"line":23,"column":12},"end":{"line":23,"column":13}},"loc":{"start":{"line":23,"column":18},"end":{"line":25,"column":3}},"line":23},"3":{"name":"(anonymous_3)","decl":{"start":{"line":27,"column":28},"end":{"line":27,"column":29}},"loc":{"start":{"line":27,"column":43},"end":{"line":30,"column":3}},"line":27},"4":{"name":"(anonymous_4)","decl":{"start":{"line":38,"column":23},"end":{"line":38,"column":24}},"loc":{"start":{"line":39,"column":12},"end":{"line":72,"column":19}},"line":39},"5":{"name":"(anonymous_5)","decl":{"start":{"line":57,"column":29},"end":{"line":57,"column":30}},"loc":{"start":{"line":57,"column":35},"end":{"line":57,"column":64}},"line":57},"6":{"name":"(anonymous_6)","decl":{"start":{"line":67,"column":27},"end":{"line":67,"column":28}},"loc":{"start":{"line":67,"column":33},"end":{"line":67,"column":53}},"line":67}},"branchMap":{"0":{"loc":{"start":{"line":37,"column":9},"end":{"line":73,"column":12}},"type":"binary-expr","locations":[{"start":{"line":37,"column":9},"end":{"line":37,"column":17}},{"start":{"line":38,"column":10},"end":{"line":73,"column":12}}],"line":37},"1":{"loc":{"start":{"line":50,"column":17},"end":{"line":52,"column":17}},"type":"binary-expr","locations":[{"start":{"line":50,"column":17},"end":{"line":50,"column":49}},{"start":{"line":50,"column":53},"end":{"line":50,"column":60}},{"start":{"line":51,"column":18},"end":{"line":51,"column":54}}],"line":50},"2":{"loc":{"start":{"line":59,"column":21},"end":{"line":61,"column":38}},"type":"cond-expr","locations":[{"start":{"line":60,"column":24},"end":{"line":60,"column":39}},{"start":{"line":61,"column":24},"end":{"line":61,"column":38}}],"line":59},"3":{"loc":{"start":{"line":59,"column":21},"end":{"line":59,"column":64}},"type":"binary-expr","locations":[{"start":{"line":59,"column":21},"end":{"line":59,"column":53}},{"start":{"line":59,"column":57},"end":{"line":59,"column":64}}],"line":59}},"s":{"0":2,"1":6,"2":2,"3":9,"4":9,"5":9,"6":9,"7":8,"8":9,"9":1,"10":1,"11":9,"12":9,"13":65,"14":1,"15":2},"f":{"0":6,"1":9,"2":8,"3":1,"4":65,"5":1,"6":2},"b":{"0":[9,9],"1":[65,1,1],"2":[1,64],"3":[65,1]},"_coverageSchema":"1a1c01bbd47fc00a2c39e90264f33305004495a9","hash":"799c6e82da1923d3e2f84881a8755d4414962599"}
,"/Users/sakshi.singh/react-practice/ecommerce/src/Component/ProductDetails.js": {"path":"/Users/sakshi.singh/react-practice/ecommerce/src/Component/ProductDetails.js","statementMap":{"0":{"start":{"line":4,"column":23},"end":{"line":16,"column":1}},"1":{"start":{"line":5,"column":2},"end":{"line":15,"column":4}}},"fnMap":{"0":{"name":"(anonymous_0)","decl":{"start":{"line":4,"column":23},"end":{"line":4,"column":24}},"loc":{"start":{"line":4,"column":40},"end":{"line":16,"column":1}},"line":4}},"branchMap":{},"s":{"0":3,"1":2},"f":{"0":2},"b":{},"_coverageSchema":"1a1c01bbd47fc00a2c39e90264f33305004495a9","hash":"bc863a87ebfd6764033fd85ef17387cb267f31f1"}
,"/Users/sakshi.singh/react-practice/ecommerce/src/Component/combineitems.js": {"path":"/Users/sakshi.singh/react-practice/ecommerce/src/Component/combineitems.js","statementMap":{"0":{"start":{"line":4,"column":22},"end":{"line":4,"column":24}},"1":{"start":{"line":6,"column":2},"end":{"line":12,"column":5}},"2":{"start":{"line":7,"column":4},"end":{"line":11,"column":5}},"3":{"start":{"line":8,"column":6},"end":{"line":8,"column":41}},"4":{"start":{"line":10,"column":6},"end":{"line":10,"column":54}},"5":{"start":{"line":13,"column":21},"end":{"line":15,"column":3}},"6":{"start":{"line":16,"column":2},"end":{"line":16,"column":35}}},"fnMap":{"0":{"name":"combineitems","decl":{"start":{"line":3,"column":16},"end":{"line":3,"column":28}},"loc":{"start":{"line":3,"column":36},"end":{"line":17,"column":1}},"line":3},"1":{"name":"(anonymous_1)","decl":{"start":{"line":6,"column":16},"end":{"line":6,"column":17}},"loc":{"start":{"line":6,"column":26},"end":{"line":12,"column":3}},"line":6}},"branchMap":{"0":{"loc":{"start":{"line":7,"column":4},"end":{"line":11,"column":5}},"type":"if","locations":[{"start":{"line":7,"column":4},"end":{"line":11,"column":5}},{"start":{"line":9,"column":11},"end":{"line":11,"column":5}}],"line":7}},"s":{"0":2,"1":2,"2":2,"3":0,"4":2,"5":2,"6":2},"f":{"0":2,"1":2},"b":{"0":[0,2]},"_coverageSchema":"1a1c01bbd47fc00a2c39e90264f33305004495a9","hash":"a9dd7474e72682ebb867d531061983f48ecd678b"}
,"/Users/sakshi.singh/react-practice/ecommerce/src/Component/combineitemstotal.js": {"path":"/Users/sakshi.singh/react-practice/ecommerce/src/Component/combineitemstotal.js","statementMap":{"0":{"start":{"line":2,"column":20},"end":{"line":2,"column":22}},"1":{"start":{"line":3,"column":2},"end":{"line":5,"column":5}},"2":{"start":{"line":4,"column":4},"end":{"line":4,"column":72}},"3":{"start":{"line":6,"column":2},"end":{"line":6,"column":34}}},"fnMap":{"0":{"name":"combineitemstotal","decl":{"start":{"line":1,"column":16},"end":{"line":1,"column":33}},"loc":{"start":{"line":1,"column":41},"end":{"line":7,"column":1}},"line":1},"1":{"name":"(anonymous_1)","decl":{"start":{"line":3,"column":16},"end":{"line":3,"column":17}},"loc":{"start":{"line":3,"column":26},"end":{"line":5,"column":3}},"line":3}},"branchMap":{},"s":{"0":2,"1":2,"2":2,"3":2},"f":{"0":2,"1":2},"b":{},"_coverageSchema":"1a1c01bbd47fc00a2c39e90264f33305004495a9","hash":"75a904fc0a5572ecf47136cca94197aa3aa15589"}
}
