TN:
SF:src/App.js
FN:8,App
FNF:1
FNH:0
FNDA:0,App
DA:9,0
LF:1
LH:0
BRF:0
BRH:0
end_of_record
TN:
SF:src/UserContext.js
FN:5,(anonymous_0)
FN:6,(anonymous_1)
FNF:2
FNH:0
FNDA:0,(anonymous_0)
FNDA:0,(anonymous_1)
DA:3,2
LF:1
LH:1
BRF:0
BRH:0
end_of_record
TN:
SF:src/UserContextProvider.js
FN:4,UserContextProvider
FN:7,(anonymous_1)
FN:12,(anonymous_2)
FN:13,(anonymous_3)
FNF:4
FNH:0
FNDA:0,UserContextProvider
FNDA:0,(anonymous_1)
FNDA:0,(anonymous_2)
FNDA:0,(anonymous_3)
DA:5,0
DA:7,0
DA:8,0
DA:9,0
DA:12,0
DA:13,0
DA:14,0
DA:16,0
DA:19,0
LF:9
LH:0
BRF:0
BRH:0
end_of_record
TN:
SF:src/index.js
FNF:0
FNH:0
DA:8,0
LF:1
LH:0
BRF:0
BRH:0
end_of_record
TN:
SF:src/Component/Cart.js
FN:14,Cart
FN:32,(anonymous_1)
FN:41,(anonymous_2)
FNF:3
FNH:3
FNDA:1,Cart
FNDA:1,(anonymous_1)
FNDA:1,(anonymous_2)
DA:15,1
DA:18,1
DA:19,1
DA:33,1
DA:41,1
LF:5
LH:5
BRF:0
BRH:0
end_of_record
TN:
SF:src/Component/Header.js
FN:6,(anonymous_0)
FNF:1
FNH:0
FNDA:0,(anonymous_0)
DA:6,0
DA:7,0
LF:2
LH:0
BRF:0
BRH:0
end_of_record
TN:
SF:src/Component/ProductDetails.js
FN:4,(anonymous_0)
FNF:1
FNH:1
FNDA:2,(anonymous_0)
DA:4,2
DA:5,2
LF:2
LH:2
BRF:0
BRH:0
end_of_record
TN:
SF:src/Component/ProductsList.js
FN:5,(anonymous_0)
FN:17,(anonymous_1)
FN:26,(anonymous_2)
FN:27,(anonymous_3)
FN:35,(anonymous_4)
FN:44,(anonymous_5)
FN:63,(anonymous_6)
FN:73,(anonymous_7)
FNF:8
FNH:7
FNDA:2,(anonymous_0)
FNDA:5,(anonymous_1)
FNDA:2,(anonymous_2)
FNDA:2,(anonymous_3)
FNDA:1,(anonymous_4)
FNDA:3,(anonymous_5)
FNDA:1,(anonymous_6)
FNDA:0,(anonymous_7)
DA:5,2
DA:17,1
DA:18,5
DA:19,5
DA:20,5
DA:22,5
DA:24,5
DA:26,5
DA:27,2
DA:28,2
DA:29,2
DA:30,2
DA:32,2
DA:35,5
DA:36,1
DA:37,1
DA:40,5
DA:45,3
DA:63,1
DA:73,0
LF:20
LH:19
BRDA:43,0,0,5
BRDA:43,0,1,5
BRDA:56,1,0,3
BRDA:56,1,1,1
BRDA:56,1,2,1
BRDA:65,2,0,1
BRDA:65,2,1,2
BRDA:65,3,0,3
BRDA:65,3,1,1
BRF:9
BRH:9
end_of_record
TN:
SF:src/Component/combineitems.js
FN:3,combineitems
FN:6,(anonymous_1)
FNF:2
FNH:2
FNDA:1,combineitems
FNDA:1,(anonymous_1)
DA:4,1
DA:6,1
DA:7,1
DA:8,0
DA:10,1
DA:13,1
DA:16,1
LF:7
LH:6
BRDA:7,0,0,0
BRDA:7,0,1,1
BRF:2
BRH:1
end_of_record
TN:
SF:src/Component/combineitemstotal.js
FN:1,combineitemstotal
FN:3,(anonymous_1)
FNF:2
FNH:2
FNDA:1,combineitemstotal
FNDA:1,(anonymous_1)
DA:2,1
DA:3,1
DA:4,1
DA:6,1
LF:4
LH:4
BRF:0
BRH:0
end_of_record
