TN:
SF:src/App.js
FN:8,App
FN:12,(anonymous_1)
FN:17,(anonymous_2)
FN:24,(anonymous_3)
FN:25,(anonymous_4)
FNF:5
FNH:3
FNDA:4,App
FNDA:1,(anonymous_1)
FNDA:4,(anonymous_2)
FNDA:0,(anonymous_3)
FNDA:0,(anonymous_4)
DA:9,4
DA:10,4
DA:12,4
DA:13,1
DA:14,1
DA:17,4
DA:18,4
DA:19,1
DA:20,1
DA:21,1
DA:24,4
DA:25,0
DA:26,0
DA:28,0
DA:31,4
LF:15
LH:12
BRF:0
BRH:0
end_of_record
TN:
SF:src/index.js
FNF:0
FNH:0
DA:7,0
DA:16,0
LF:2
LH:0
BRF:0
BRH:0
end_of_record
TN:
SF:src/jest.config.js
FNF:0
FNH:0
DA:1,0
LF:1
LH:0
BRF:0
BRH:0
end_of_record
TN:
SF:src/reportWebVitals.js
FN:1,(anonymous_0)
FN:3,(anonymous_1)
FNF:2
FNH:0
FNDA:0,(anonymous_0)
FNDA:0,(anonymous_1)
DA:1,0
DA:2,0
DA:3,0
DA:4,0
DA:5,0
DA:6,0
DA:7,0
DA:8,0
LF:8
LH:0
BRDA:2,0,0,0
BRDA:2,0,1,0
BRDA:2,1,0,0
BRDA:2,1,1,0
BRF:4
BRH:0
end_of_record
TN:
SF:src/Component/Cart.js
FN:13,Cart
FN:29,(anonymous_1)
FN:38,(anonymous_2)
FNF:3
FNH:3
FNDA:2,Cart
FNDA:2,(anonymous_1)
FNDA:1,(anonymous_2)
DA:14,2
DA:15,2
DA:30,2
DA:38,1
LF:4
LH:4
BRF:0
BRH:0
end_of_record
TN:
SF:src/Component/Header.js
FN:6,(anonymous_0)
FNF:1
FNH:1
FNDA:4,(anonymous_0)
DA:6,1
DA:7,4
LF:2
LH:2
BRF:0
BRH:0
end_of_record
TN:
SF:src/Component/PrdouctsList.js
FN:4,(anonymous_0)
FN:16,(anonymous_1)
FN:23,(anonymous_2)
FN:27,(anonymous_3)
FN:38,(anonymous_4)
FN:57,(anonymous_5)
FN:67,(anonymous_6)
FNF:7
FNH:7
FNDA:6,(anonymous_0)
FNDA:9,(anonymous_1)
FNDA:8,(anonymous_2)
FNDA:1,(anonymous_3)
FNDA:65,(anonymous_4)
FNDA:1,(anonymous_5)
FNDA:2,(anonymous_6)
DA:4,6
DA:16,2
DA:17,9
DA:19,9
DA:21,9
DA:23,9
DA:24,8
DA:27,9
DA:28,1
DA:29,1
DA:32,9
DA:34,9
DA:39,65
DA:57,1
DA:67,2
LF:15
LH:15
BRDA:37,0,0,9
BRDA:37,0,1,9
BRDA:50,1,0,65
BRDA:50,1,1,1
BRDA:50,1,2,1
BRDA:59,2,0,1
BRDA:59,2,1,64
BRDA:59,3,0,65
BRDA:59,3,1,1
BRF:9
BRH:9
end_of_record
TN:
SF:src/Component/ProductDetails.js
FN:4,(anonymous_0)
FNF:1
FNH:1
FNDA:2,(anonymous_0)
DA:4,3
DA:5,2
LF:2
LH:2
BRF:0
BRH:0
end_of_record
TN:
SF:src/Component/combineitems.js
FN:3,combineitems
FN:6,(anonymous_1)
FNF:2
FNH:2
FNDA:2,combineitems
FNDA:2,(anonymous_1)
DA:4,2
DA:6,2
DA:7,2
DA:8,0
DA:10,2
DA:13,2
DA:16,2
LF:7
LH:6
BRDA:7,0,0,0
BRDA:7,0,1,2
BRF:2
BRH:1
end_of_record
TN:
SF:src/Component/combineitemstotal.js
FN:1,combineitemstotal
FN:3,(anonymous_1)
FNF:2
FNH:2
FNDA:2,combineitemstotal
FNDA:2,(anonymous_1)
DA:2,2
DA:3,2
DA:4,2
DA:6,2
LF:4
LH:4
BRF:0
BRH:0
end_of_record
